[debug] [2025-04-08T21:53:09.455Z] ----------------------------------------------------------------------
[debug] [2025-04-08T21:53:09.456Z] Command:       C:\Program Files\nodejs\node.exe C:\Users\user\AppData\Roaming\npm\node_modules\firebase-tools\lib\bin\firebase.js deploy --only functions
[debug] [2025-04-08T21:53:09.456Z] CLI Version:   14.1.0
[debug] [2025-04-08T21:53:09.456Z] Platform:      win32
[debug] [2025-04-08T21:53:09.457Z] Node Version:  v22.14.0
[debug] [2025-04-08T21:53:09.457Z] Time:          Wed Apr 09 2025 00:53:09 GMT+0300 (Eastern European Summer Time)
[debug] [2025-04-08T21:53:09.457Z] ----------------------------------------------------------------------
[debug] 
[debug] [2025-04-08T21:53:09.561Z] > command requires scopes: ["email","openid","https://www.googleapis.com/auth/cloudplatformprojects.readonly","https://www.googleapis.com/auth/firebase","https://www.googleapis.com/auth/cloud-platform"]
[debug] [2025-04-08T21:53:09.561Z] > authorizing via signed-in user (mohajjar31@gmail.com)
[debug] [2025-04-08T21:53:09.561Z] [iam] checking project waiting-list-by-mo for permissions ["cloudfunctions.functions.create","cloudfunctions.functions.delete","cloudfunctions.functions.get","cloudfunctions.functions.list","cloudfunctions.functions.update","cloudfunctions.operations.get","firebase.projects.get"]
[debug] [2025-04-08T21:53:09.562Z] Checked if tokens are valid: true, expires at: 1744152655116
[debug] [2025-04-08T21:53:09.562Z] Checked if tokens are valid: true, expires at: 1744152655116
[debug] [2025-04-08T21:53:09.563Z] >>> [apiv2][query] POST https://cloudresourcemanager.googleapis.com/v1/projects/waiting-list-by-mo:testIamPermissions [none]
[debug] [2025-04-08T21:53:09.563Z] >>> [apiv2][(partial)header] POST https://cloudresourcemanager.googleapis.com/v1/projects/waiting-list-by-mo:testIamPermissions x-goog-quota-user=projects/waiting-list-by-mo
[debug] [2025-04-08T21:53:09.563Z] >>> [apiv2][body] POST https://cloudresourcemanager.googleapis.com/v1/projects/waiting-list-by-mo:testIamPermissions {"permissions":["cloudfunctions.functions.create","cloudfunctions.functions.delete","cloudfunctions.functions.get","cloudfunctions.functions.list","cloudfunctions.functions.update","cloudfunctions.operations.get","firebase.projects.get"]}
[debug] [2025-04-08T21:53:09.881Z] <<< [apiv2][status] POST https://cloudresourcemanager.googleapis.com/v1/projects/waiting-list-by-mo:testIamPermissions 200
[debug] [2025-04-08T21:53:09.881Z] <<< [apiv2][body] POST https://cloudresourcemanager.googleapis.com/v1/projects/waiting-list-by-mo:testIamPermissions {"permissions":["cloudfunctions.functions.create","cloudfunctions.functions.delete","cloudfunctions.functions.get","cloudfunctions.functions.list","cloudfunctions.functions.update","cloudfunctions.operations.get","firebase.projects.get"]}
[debug] [2025-04-08T21:53:09.881Z] Checked if tokens are valid: true, expires at: 1744152655116
[debug] [2025-04-08T21:53:09.881Z] Checked if tokens are valid: true, expires at: 1744152655116
[debug] [2025-04-08T21:53:09.881Z] >>> [apiv2][query] POST https://iam.googleapis.com/v1/projects/waiting-list-by-mo/serviceAccounts/waiting-list-by-mo@appspot.gserviceaccount.com:testIamPermissions [none]
[debug] [2025-04-08T21:53:09.881Z] >>> [apiv2][body] POST https://iam.googleapis.com/v1/projects/waiting-list-by-mo/serviceAccounts/waiting-list-by-mo@appspot.gserviceaccount.com:testIamPermissions {"permissions":["iam.serviceAccounts.actAs"]}
[debug] [2025-04-08T21:53:10.733Z] <<< [apiv2][status] POST https://iam.googleapis.com/v1/projects/waiting-list-by-mo/serviceAccounts/waiting-list-by-mo@appspot.gserviceaccount.com:testIamPermissions 200
[debug] [2025-04-08T21:53:10.734Z] <<< [apiv2][body] POST https://iam.googleapis.com/v1/projects/waiting-list-by-mo/serviceAccounts/waiting-list-by-mo@appspot.gserviceaccount.com:testIamPermissions {"permissions":["iam.serviceAccounts.actAs"]}
[info] 
[info] === Deploying to 'waiting-list-by-mo'...
[info] 
[info] i  deploying functions 
[debug] [2025-04-08T21:53:10.740Z] Checked if tokens are valid: true, expires at: 1744152655116
[debug] [2025-04-08T21:53:10.740Z] Checked if tokens are valid: true, expires at: 1744152655116
[debug] [2025-04-08T21:53:10.740Z] >>> [apiv2][query] GET https://cloudresourcemanager.googleapis.com/v1/projects/waiting-list-by-mo [none]
[debug] [2025-04-08T21:53:10.955Z] <<< [apiv2][status] GET https://cloudresourcemanager.googleapis.com/v1/projects/waiting-list-by-mo 200
[debug] [2025-04-08T21:53:10.956Z] <<< [apiv2][body] GET https://cloudresourcemanager.googleapis.com/v1/projects/waiting-list-by-mo {"projectNumber":"934802752864","projectId":"waiting-list-by-mo","lifecycleState":"ACTIVE","name":"Waiting List","labels":{"firebase":"enabled"},"createTime":"2023-01-13T18:52:04.207Z"}
[info] i  functions: preparing codebase default for deployment 
[info] i  functions: ensuring required API cloudfunctions.googleapis.com is enabled... 
[debug] [2025-04-08T21:53:10.959Z] Checked if tokens are valid: true, expires at: 1744152655116
[debug] [2025-04-08T21:53:10.959Z] Checked if tokens are valid: true, expires at: 1744152655116
[debug] [2025-04-08T21:53:10.959Z] Checked if tokens are valid: true, expires at: 1744152655116
[debug] [2025-04-08T21:53:10.959Z] Checked if tokens are valid: true, expires at: 1744152655116
[info] i  functions: ensuring required API cloudbuild.googleapis.com is enabled... 
[debug] [2025-04-08T21:53:10.960Z] Checked if tokens are valid: true, expires at: 1744152655116
[debug] [2025-04-08T21:53:10.960Z] Checked if tokens are valid: true, expires at: 1744152655116
[info] i  artifactregistry: ensuring required API artifactregistry.googleapis.com is enabled... 
[debug] [2025-04-08T21:53:10.960Z] Checked if tokens are valid: true, expires at: 1744152655116
[debug] [2025-04-08T21:53:10.961Z] Checked if tokens are valid: true, expires at: 1744152655116
[debug] [2025-04-08T21:53:10.961Z] >>> [apiv2][query] GET https://serviceusage.googleapis.com/v1/projects/waiting-list-by-mo/services/cloudfunctions.googleapis.com [none]
[debug] [2025-04-08T21:53:10.961Z] >>> [apiv2][(partial)header] GET https://serviceusage.googleapis.com/v1/projects/waiting-list-by-mo/services/cloudfunctions.googleapis.com x-goog-quota-user=projects/waiting-list-by-mo
[debug] [2025-04-08T21:53:10.962Z] >>> [apiv2][query] GET https://serviceusage.googleapis.com/v1/projects/waiting-list-by-mo/services/runtimeconfig.googleapis.com [none]
[debug] [2025-04-08T21:53:10.962Z] >>> [apiv2][(partial)header] GET https://serviceusage.googleapis.com/v1/projects/waiting-list-by-mo/services/runtimeconfig.googleapis.com x-goog-quota-user=projects/waiting-list-by-mo
[debug] [2025-04-08T21:53:10.963Z] >>> [apiv2][query] GET https://serviceusage.googleapis.com/v1/projects/waiting-list-by-mo/services/cloudbuild.googleapis.com [none]
[debug] [2025-04-08T21:53:10.963Z] >>> [apiv2][(partial)header] GET https://serviceusage.googleapis.com/v1/projects/waiting-list-by-mo/services/cloudbuild.googleapis.com x-goog-quota-user=projects/waiting-list-by-mo
[debug] [2025-04-08T21:53:10.964Z] >>> [apiv2][query] GET https://serviceusage.googleapis.com/v1/projects/waiting-list-by-mo/services/artifactregistry.googleapis.com [none]
[debug] [2025-04-08T21:53:10.964Z] >>> [apiv2][(partial)header] GET https://serviceusage.googleapis.com/v1/projects/waiting-list-by-mo/services/artifactregistry.googleapis.com x-goog-quota-user=projects/waiting-list-by-mo
[debug] [2025-04-08T21:53:11.462Z] <<< [apiv2][status] GET https://serviceusage.googleapis.com/v1/projects/waiting-list-by-mo/services/artifactregistry.googleapis.com 200
[debug] [2025-04-08T21:53:11.462Z] <<< [apiv2][body] GET https://serviceusage.googleapis.com/v1/projects/waiting-list-by-mo/services/artifactregistry.googleapis.com [omitted]
[info] +  artifactregistry: required API artifactregistry.googleapis.com is enabled 
[debug] [2025-04-08T21:53:11.923Z] <<< [apiv2][status] GET https://serviceusage.googleapis.com/v1/projects/waiting-list-by-mo/services/cloudbuild.googleapis.com 200
[debug] [2025-04-08T21:53:11.924Z] <<< [apiv2][body] GET https://serviceusage.googleapis.com/v1/projects/waiting-list-by-mo/services/cloudbuild.googleapis.com [omitted]
[info] +  functions: required API cloudbuild.googleapis.com is enabled 
[debug] [2025-04-08T21:53:11.925Z] <<< [apiv2][status] GET https://serviceusage.googleapis.com/v1/projects/waiting-list-by-mo/services/runtimeconfig.googleapis.com 200
[debug] [2025-04-08T21:53:11.925Z] <<< [apiv2][body] GET https://serviceusage.googleapis.com/v1/projects/waiting-list-by-mo/services/runtimeconfig.googleapis.com [omitted]
[debug] [2025-04-08T21:53:11.932Z] <<< [apiv2][status] GET https://serviceusage.googleapis.com/v1/projects/waiting-list-by-mo/services/cloudfunctions.googleapis.com 200
[debug] [2025-04-08T21:53:11.932Z] <<< [apiv2][body] GET https://serviceusage.googleapis.com/v1/projects/waiting-list-by-mo/services/cloudfunctions.googleapis.com [omitted]
[info] +  functions: required API cloudfunctions.googleapis.com is enabled 
[debug] [2025-04-08T21:53:11.932Z] Checked if tokens are valid: true, expires at: 1744152655116
[debug] [2025-04-08T21:53:11.932Z] Checked if tokens are valid: true, expires at: 1744152655116
[debug] [2025-04-08T21:53:11.932Z] >>> [apiv2][query] GET https://firebase.googleapis.com/v1beta1/projects/waiting-list-by-mo/adminSdkConfig [none]
[debug] [2025-04-08T21:53:12.273Z] <<< [apiv2][status] GET https://firebase.googleapis.com/v1beta1/projects/waiting-list-by-mo/adminSdkConfig 200
[debug] [2025-04-08T21:53:12.274Z] <<< [apiv2][body] GET https://firebase.googleapis.com/v1beta1/projects/waiting-list-by-mo/adminSdkConfig {"projectId":"waiting-list-by-mo","storageBucket":"waiting-list-by-mo.firebasestorage.app"}
[debug] [2025-04-08T21:53:12.274Z] Checked if tokens are valid: true, expires at: 1744152655116
[debug] [2025-04-08T21:53:12.275Z] Checked if tokens are valid: true, expires at: 1744152655116
[debug] [2025-04-08T21:53:12.275Z] >>> [apiv2][query] GET https://runtimeconfig.googleapis.com/v1beta1/projects/waiting-list-by-mo/configs [none]
[debug] [2025-04-08T21:53:12.724Z] <<< [apiv2][status] GET https://runtimeconfig.googleapis.com/v1beta1/projects/waiting-list-by-mo/configs 200
[debug] [2025-04-08T21:53:12.724Z] <<< [apiv2][body] GET https://runtimeconfig.googleapis.com/v1beta1/projects/waiting-list-by-mo/configs {}
[debug] [2025-04-08T21:53:12.726Z] Validating nodejs source
[debug] [2025-04-08T21:53:13.357Z] > [functions] package.json contents: {
  "name": "functions",
  "description": "Cloud Functions for Firebase",
  "scripts": {
    "serve": "firebase emulators:start --only functions",
    "shell": "firebase functions:shell",
    "start": "npm run shell",
    "deploy": "firebase deploy --only functions",
    "logs": "firebase functions:log"
  },
  "engines": {
    "node": "22"
  },
  "main": "index.js",
  "dependencies": {
    "@google/generative-ai": "^0.24.0",
    "cors": "^2.8.5",
    "firebase-admin": "^12.6.0",
    "firebase-functions": "^6.0.1"
  },
  "devDependencies": {
    "eslint": "^8.15.0",
    "eslint-config-google": "^0.14.0",
    "firebase-functions-test": "^3.1.0"
  },
  "private": true
}
[debug] [2025-04-08T21:53:13.357Z] Building nodejs source
[info] i  functions: Loading and analyzing source code for codebase default to determine what to deploy 
[debug] [2025-04-08T21:53:13.358Z] Could not find functions.yaml. Must use http discovery
[debug] [2025-04-08T21:53:13.362Z] Found firebase-functions binary at 'C:\Users\user\Desktop\sweetafrica-bot\functions\node_modules\.bin\firebase-functions'
[info] Serving at port 8917

[debug] [2025-04-08T21:53:13.651Z] Got response from /__/functions.yaml {"endpoints":{"chatWithGemini":{"availableMemoryMb":null,"timeoutSeconds":null,"minInstances":null,"maxInstances":null,"ingressSettings":null,"concurrency":null,"serviceAccountEmail":null,"vpc":null,"platform":"gcfv2","labels":{},"httpsTrigger":{},"entryPoint":"chatWithGemini"}},"specVersion":"v1alpha1","requiredAPIs":[],"extensions":{}}
[info] i  extensions: ensuring required API firebaseextensions.googleapis.com is enabled... 
[debug] [2025-04-08T21:53:17.683Z] Checked if tokens are valid: true, expires at: 1744152655116
[debug] [2025-04-08T21:53:17.683Z] Checked if tokens are valid: true, expires at: 1744152655116
[debug] [2025-04-08T21:53:17.684Z] >>> [apiv2][query] GET https://serviceusage.googleapis.com/v1/projects/waiting-list-by-mo/services/firebaseextensions.googleapis.com [none]
[debug] [2025-04-08T21:53:17.684Z] >>> [apiv2][(partial)header] GET https://serviceusage.googleapis.com/v1/projects/waiting-list-by-mo/services/firebaseextensions.googleapis.com x-goog-quota-user=projects/waiting-list-by-mo
[debug] [2025-04-08T21:53:18.643Z] <<< [apiv2][status] GET https://serviceusage.googleapis.com/v1/projects/waiting-list-by-mo/services/firebaseextensions.googleapis.com 200
[debug] [2025-04-08T21:53:18.643Z] <<< [apiv2][body] GET https://serviceusage.googleapis.com/v1/projects/waiting-list-by-mo/services/firebaseextensions.googleapis.com [omitted]
[info] +  extensions: required API firebaseextensions.googleapis.com is enabled 
[debug] [2025-04-08T21:53:18.644Z] > command requires scopes: ["email","openid","https://www.googleapis.com/auth/cloudplatformprojects.readonly","https://www.googleapis.com/auth/firebase","https://www.googleapis.com/auth/cloud-platform"]
[debug] [2025-04-08T21:53:18.644Z] > authorizing via signed-in user (mohajjar31@gmail.com)
[debug] [2025-04-08T21:53:18.644Z] [iam] checking project waiting-list-by-mo for permissions ["firebase.projects.get","firebaseextensions.instances.list"]
[debug] [2025-04-08T21:53:18.644Z] Checked if tokens are valid: true, expires at: 1744152655116
[debug] [2025-04-08T21:53:18.644Z] Checked if tokens are valid: true, expires at: 1744152655116
[debug] [2025-04-08T21:53:18.644Z] >>> [apiv2][query] POST https://cloudresourcemanager.googleapis.com/v1/projects/waiting-list-by-mo:testIamPermissions [none]
[debug] [2025-04-08T21:53:18.644Z] >>> [apiv2][(partial)header] POST https://cloudresourcemanager.googleapis.com/v1/projects/waiting-list-by-mo:testIamPermissions x-goog-quota-user=projects/waiting-list-by-mo
[debug] [2025-04-08T21:53:18.644Z] >>> [apiv2][body] POST https://cloudresourcemanager.googleapis.com/v1/projects/waiting-list-by-mo:testIamPermissions {"permissions":["firebase.projects.get","firebaseextensions.instances.list"]}
[debug] [2025-04-08T21:53:19.414Z] <<< [apiv2][status] POST https://cloudresourcemanager.googleapis.com/v1/projects/waiting-list-by-mo:testIamPermissions 200
[debug] [2025-04-08T21:53:19.414Z] <<< [apiv2][body] POST https://cloudresourcemanager.googleapis.com/v1/projects/waiting-list-by-mo:testIamPermissions {"permissions":["firebase.projects.get","firebaseextensions.instances.list"]}
[debug] [2025-04-08T21:53:19.414Z] Checked if tokens are valid: true, expires at: 1744152655116
[debug] [2025-04-08T21:53:19.414Z] Checked if tokens are valid: true, expires at: 1744152655116
[debug] [2025-04-08T21:53:19.415Z] >>> [apiv2][query] GET https://firebaseextensions.googleapis.com/v1beta/projects/waiting-list-by-mo/instances pageSize=100&pageToken=
[debug] [2025-04-08T21:53:20.383Z] <<< [apiv2][status] GET https://firebaseextensions.googleapis.com/v1beta/projects/waiting-list-by-mo/instances 200
[debug] [2025-04-08T21:53:20.384Z] <<< [apiv2][body] GET https://firebaseextensions.googleapis.com/v1beta/projects/waiting-list-by-mo/instances {}
[info] i  functions: preparing functions directory for uploading... 
[info] i  functions: packaged C:\Users\user\Desktop\sweetafrica-bot\functions (71.17 KB) for uploading 
[debug] [2025-04-08T21:53:20.404Z] Checked if tokens are valid: true, expires at: 1744152655116
[debug] [2025-04-08T21:53:20.404Z] Checked if tokens are valid: true, expires at: 1744152655116
[debug] [2025-04-08T21:53:20.404Z] >>> [apiv2][query] GET https://cloudfunctions.googleapis.com/v1/projects/waiting-list-by-mo/locations/-/functions [none]
[debug] [2025-04-08T21:53:21.303Z] <<< [apiv2][status] GET https://cloudfunctions.googleapis.com/v1/projects/waiting-list-by-mo/locations/-/functions 200
[debug] [2025-04-08T21:53:21.303Z] <<< [apiv2][body] GET https://cloudfunctions.googleapis.com/v1/projects/waiting-list-by-mo/locations/-/functions {}
[debug] [2025-04-08T21:53:21.303Z] Checked if tokens are valid: true, expires at: 1744152655116
[debug] [2025-04-08T21:53:21.303Z] Checked if tokens are valid: true, expires at: 1744152655116
[debug] [2025-04-08T21:53:21.303Z] >>> [apiv2][query] GET https://cloudfunctions.googleapis.com/v2/projects/waiting-list-by-mo/locations/-/functions filter=environment%3D%22GEN_2%22
[debug] [2025-04-08T21:53:22.556Z] <<< [apiv2][status] GET https://cloudfunctions.googleapis.com/v2/projects/waiting-list-by-mo/locations/-/functions 200
[debug] [2025-04-08T21:53:22.556Z] <<< [apiv2][body] GET https://cloudfunctions.googleapis.com/v2/projects/waiting-list-by-mo/locations/-/functions {"functions":[{"name":"projects/waiting-list-by-mo/locations/us-central1/functions/chatWithGemini","buildConfig":{"build":"projects/934802752864/locations/us-central1/builds/3b7caeaf-a0b5-49d6-9991-6678c253a7d0","runtime":"nodejs22","entryPoint":"chatWithGemini","source":{"storageSource":{"bucket":"gcf-v2-sources-934802752864-us-central1","object":"chatWithGemini/function-source.zip","generation":"1744149074348463"}},"environmentVariables":{"GOOGLE_NODE_RUN_SCRIPTS":""},"dockerRepository":"projects/waiting-list-by-mo/locations/us-central1/repositories/gcf-artifacts","sourceProvenance":{"resolvedStorageSource":{"bucket":"gcf-v2-sources-934802752864-us-central1","object":"chatWithGemini/function-source.zip","generation":"1744149074348463"}},"dockerRegistry":"ARTIFACT_REGISTRY","serviceAccount":"projects/waiting-list-by-mo/serviceAccounts/934802752864-compute@developer.gserviceaccount.com","automaticUpdatePolicy":{}},"serviceConfig":{"service":"projects/waiting-list-by-mo/locations/us-central1/services/chatwithgemini","timeoutSeconds":60,"environmentVariables":{"FIREBASE_CONFIG":"{\"projectId\":\"waiting-list-by-mo\",\"storageBucket\":\"waiting-list-by-mo.firebasestorage.app\"}","GCLOUD_PROJECT":"waiting-list-by-mo","EVENTARC_CLOUD_EVENT_SOURCE":"projects/waiting-list-by-mo/locations/us-central1/services/chatWithGemini","FUNCTION_TARGET":"chatWithGemini","LOG_EXECUTION_ID":"true"},"maxInstanceCount":3,"ingressSettings":"ALLOW_ALL","uri":"https://chatwithgemini-rkjnx5arcq-uc.a.run.app","serviceAccountEmail":"934802752864-compute@developer.gserviceaccount.com","availableMemory":"256Mi","allTrafficOnLatestRevision":true,"revision":"chatwithgemini-00006-hiw","maxInstanceRequestConcurrency":80,"availableCpu":"1"},"state":"ACTIVE","updateTime":"2025-04-08T21:51:54.652522800Z","labels":{"firebase-functions-hash":"1627b3da106492df1fc2f336d6f9948d2dfbdd53","deployment-tool":"cli-firebase"},"environment":"GEN_2","url":"https://us-central1-waiting-list-by-mo.cloudfunctions.net/chatWithGemini","createTime":"2025-04-08T21:05:26.996759929Z","satisfiesPzi":true}]}
[info] i  functions: ensuring required API run.googleapis.com is enabled... 
[debug] [2025-04-08T21:53:22.557Z] Checked if tokens are valid: true, expires at: 1744152655116
[debug] [2025-04-08T21:53:22.557Z] Checked if tokens are valid: true, expires at: 1744152655116
[info] i  functions: ensuring required API eventarc.googleapis.com is enabled... 
[debug] [2025-04-08T21:53:22.559Z] Checked if tokens are valid: true, expires at: 1744152655116
[debug] [2025-04-08T21:53:22.559Z] Checked if tokens are valid: true, expires at: 1744152655116
[info] i  functions: ensuring required API pubsub.googleapis.com is enabled... 
[debug] [2025-04-08T21:53:22.559Z] Checked if tokens are valid: true, expires at: 1744152655116
[debug] [2025-04-08T21:53:22.559Z] Checked if tokens are valid: true, expires at: 1744152655116
[info] i  functions: ensuring required API storage.googleapis.com is enabled... 
[debug] [2025-04-08T21:53:22.559Z] Checked if tokens are valid: true, expires at: 1744152655116
[debug] [2025-04-08T21:53:22.559Z] Checked if tokens are valid: true, expires at: 1744152655116
[debug] [2025-04-08T21:53:22.559Z] >>> [apiv2][query] GET https://serviceusage.googleapis.com/v1/projects/waiting-list-by-mo/services/run.googleapis.com [none]
[debug] [2025-04-08T21:53:22.559Z] >>> [apiv2][(partial)header] GET https://serviceusage.googleapis.com/v1/projects/waiting-list-by-mo/services/run.googleapis.com x-goog-quota-user=projects/waiting-list-by-mo
[debug] [2025-04-08T21:53:22.560Z] >>> [apiv2][query] GET https://serviceusage.googleapis.com/v1/projects/waiting-list-by-mo/services/eventarc.googleapis.com [none]
[debug] [2025-04-08T21:53:22.560Z] >>> [apiv2][(partial)header] GET https://serviceusage.googleapis.com/v1/projects/waiting-list-by-mo/services/eventarc.googleapis.com x-goog-quota-user=projects/waiting-list-by-mo
[debug] [2025-04-08T21:53:22.560Z] >>> [apiv2][query] GET https://serviceusage.googleapis.com/v1/projects/waiting-list-by-mo/services/pubsub.googleapis.com [none]
[debug] [2025-04-08T21:53:22.560Z] >>> [apiv2][(partial)header] GET https://serviceusage.googleapis.com/v1/projects/waiting-list-by-mo/services/pubsub.googleapis.com x-goog-quota-user=projects/waiting-list-by-mo
[debug] [2025-04-08T21:53:22.561Z] >>> [apiv2][query] GET https://serviceusage.googleapis.com/v1/projects/waiting-list-by-mo/services/storage.googleapis.com [none]
[debug] [2025-04-08T21:53:22.561Z] >>> [apiv2][(partial)header] GET https://serviceusage.googleapis.com/v1/projects/waiting-list-by-mo/services/storage.googleapis.com x-goog-quota-user=projects/waiting-list-by-mo
[debug] [2025-04-08T21:53:22.940Z] <<< [apiv2][status] GET https://serviceusage.googleapis.com/v1/projects/waiting-list-by-mo/services/run.googleapis.com 200
[debug] [2025-04-08T21:53:22.941Z] <<< [apiv2][body] GET https://serviceusage.googleapis.com/v1/projects/waiting-list-by-mo/services/run.googleapis.com [omitted]
[info] +  functions: required API run.googleapis.com is enabled 
[debug] [2025-04-08T21:53:23.507Z] <<< [apiv2][status] GET https://serviceusage.googleapis.com/v1/projects/waiting-list-by-mo/services/eventarc.googleapis.com 200
[debug] [2025-04-08T21:53:23.508Z] <<< [apiv2][body] GET https://serviceusage.googleapis.com/v1/projects/waiting-list-by-mo/services/eventarc.googleapis.com [omitted]
[info] +  functions: required API eventarc.googleapis.com is enabled 
[debug] [2025-04-08T21:53:23.520Z] <<< [apiv2][status] GET https://serviceusage.googleapis.com/v1/projects/waiting-list-by-mo/services/storage.googleapis.com 200
[debug] [2025-04-08T21:53:23.520Z] <<< [apiv2][body] GET https://serviceusage.googleapis.com/v1/projects/waiting-list-by-mo/services/storage.googleapis.com [omitted]
[info] +  functions: required API storage.googleapis.com is enabled 
[debug] [2025-04-08T21:53:23.538Z] <<< [apiv2][status] GET https://serviceusage.googleapis.com/v1/projects/waiting-list-by-mo/services/pubsub.googleapis.com 200
[debug] [2025-04-08T21:53:23.538Z] <<< [apiv2][body] GET https://serviceusage.googleapis.com/v1/projects/waiting-list-by-mo/services/pubsub.googleapis.com [omitted]
[info] +  functions: required API pubsub.googleapis.com is enabled 
[info] i  functions: generating the service identity for pubsub.googleapis.com... 
[debug] [2025-04-08T21:53:23.539Z] Checked if tokens are valid: true, expires at: 1744152655116
[debug] [2025-04-08T21:53:23.539Z] Checked if tokens are valid: true, expires at: 1744152655116
[info] i  functions: generating the service identity for eventarc.googleapis.com... 
[debug] [2025-04-08T21:53:23.539Z] Checked if tokens are valid: true, expires at: 1744152655116
[debug] [2025-04-08T21:53:23.539Z] Checked if tokens are valid: true, expires at: 1744152655116
[debug] [2025-04-08T21:53:23.539Z] >>> [apiv2][query] POST https://serviceusage.googleapis.com/v1beta1/projects/934802752864/services/pubsub.googleapis.com:generateServiceIdentity [none]
[debug] [2025-04-08T21:53:23.540Z] >>> [apiv2][query] POST https://serviceusage.googleapis.com/v1beta1/projects/934802752864/services/eventarc.googleapis.com:generateServiceIdentity [none]
[debug] [2025-04-08T21:53:24.437Z] <<< [apiv2][status] POST https://serviceusage.googleapis.com/v1beta1/projects/934802752864/services/pubsub.googleapis.com:generateServiceIdentity 200
[debug] [2025-04-08T21:53:24.437Z] <<< [apiv2][body] POST https://serviceusage.googleapis.com/v1beta1/projects/934802752864/services/pubsub.googleapis.com:generateServiceIdentity {"name":"operations/finished.DONE_OPERATION","done":true,"response":{"@type":"type.googleapis.com/google.api.serviceusage.v1beta1.ServiceIdentity","email":"service-934802752864@gcp-sa-pubsub.iam.gserviceaccount.com","uniqueId":"107446874793320936190"}}
[debug] [2025-04-08T21:53:24.450Z] <<< [apiv2][status] POST https://serviceusage.googleapis.com/v1beta1/projects/934802752864/services/eventarc.googleapis.com:generateServiceIdentity 200
[debug] [2025-04-08T21:53:24.450Z] <<< [apiv2][body] POST https://serviceusage.googleapis.com/v1beta1/projects/934802752864/services/eventarc.googleapis.com:generateServiceIdentity {"name":"operations/finished.DONE_OPERATION","done":true,"response":{"@type":"type.googleapis.com/google.api.serviceusage.v1beta1.ServiceIdentity","email":"service-934802752864@gcp-sa-eventarc.iam.gserviceaccount.com","uniqueId":"104383542295366657702"}}
[debug] [2025-04-08T21:53:24.450Z] Checked if tokens are valid: true, expires at: 1744152655116
[debug] [2025-04-08T21:53:24.451Z] Checked if tokens are valid: true, expires at: 1744152655116
[debug] [2025-04-08T21:53:24.451Z] >>> [apiv2][query] GET https://cloudresourcemanager.googleapis.com/v1/projects/waiting-list-by-mo [none]
[debug] [2025-04-08T21:53:25.248Z] <<< [apiv2][status] GET https://cloudresourcemanager.googleapis.com/v1/projects/waiting-list-by-mo 200
[debug] [2025-04-08T21:53:25.248Z] <<< [apiv2][body] GET https://cloudresourcemanager.googleapis.com/v1/projects/waiting-list-by-mo {"projectNumber":"934802752864","projectId":"waiting-list-by-mo","lifecycleState":"ACTIVE","name":"Waiting List","labels":{"firebase":"enabled"},"createTime":"2023-01-13T18:52:04.207Z"}
[debug] [2025-04-08T21:53:25.250Z] Checked if tokens are valid: true, expires at: 1744152655116
[debug] [2025-04-08T21:53:25.250Z] Checked if tokens are valid: true, expires at: 1744152655116
[debug] [2025-04-08T21:53:25.250Z] >>> [apiv2][query] GET https://cloudbilling.googleapis.com/v1/projects/waiting-list-by-mo/billingInfo [none]
[debug] [2025-04-08T21:53:26.112Z] <<< [apiv2][status] GET https://cloudbilling.googleapis.com/v1/projects/waiting-list-by-mo/billingInfo 200
[debug] [2025-04-08T21:53:26.112Z] <<< [apiv2][body] GET https://cloudbilling.googleapis.com/v1/projects/waiting-list-by-mo/billingInfo {"name":"projects/waiting-list-by-mo/billingInfo","projectId":"waiting-list-by-mo","billingAccountName":"billingAccounts/019C9D-1E56D0-0797C0","billingEnabled":true}
[debug] [2025-04-08T21:53:26.112Z] Checked if tokens are valid: true, expires at: 1744152655116
[debug] [2025-04-08T21:53:26.112Z] Checked if tokens are valid: true, expires at: 1744152655116
[debug] [2025-04-08T21:53:26.112Z] >>> [apiv2][query] POST https://cloudfunctions.googleapis.com/v2/projects/waiting-list-by-mo/locations/us-central1/functions:generateUploadUrl [none]
[debug] [2025-04-08T21:53:26.918Z] <<< [apiv2][status] POST https://cloudfunctions.googleapis.com/v2/projects/waiting-list-by-mo/locations/us-central1/functions:generateUploadUrl 200
[debug] [2025-04-08T21:53:26.918Z] <<< [apiv2][body] POST https://cloudfunctions.googleapis.com/v2/projects/waiting-list-by-mo/locations/us-central1/functions:generateUploadUrl {"uploadUrl":"https://storage.googleapis.com/gcf-v2-uploads-934802752864.us-central1.cloudfunctions.appspot.com/26baf126-9767-4aa6-b223-6cc605e22340.zip?GoogleAccessId=service-934802752864@gcf-admin-robot.iam.gserviceaccount.com&Expires=1744151006&Signature=j%2B3tPgqhsHvik2wsL%2FgPm602ndGkdiBJGykyWLXU6xlhlgLrmNtv1uw4KHJMQ6bMYy%2Ft6UJZy%2BUkZGCVOjcWo2Gc%2BdXBcaC%2FMO8mADylK%2B3jNEZP32%2FC5NVqHPrgeJhrqYX0KKPD1tejgON6LKAupArxpIdwu2pGejyg%2F8x8cRxA8IH2FKBR3Mvy%2BySY3OMjnUUl0835Vq2BVYdx0XdCFsnkgZ2%2BBWdbaFVmJx4Z7tsFCBZSEtBdx3l6T9z8aTEawXp9IAUCwvO3dTt5Xf3jKnlXVe2nmf9djjoOJbhWP8y4W3FfVkaqHXfpwHEXia8aN4uj1y3rvJt1T1%2B7li5i0A%3D%3D","storageSource":{"bucket":"gcf-v2-uploads-934802752864.us-central1.cloudfunctions.appspot.com","object":"26baf126-9767-4aa6-b223-6cc605e22340.zip"}}
[debug] [2025-04-08T21:53:26.919Z] >>> [apiv2][query] PUT https://storage.googleapis.com/gcf-v2-uploads-934802752864.us-central1.cloudfunctions.appspot.com/26baf126-9767-4aa6-b223-6cc605e22340.zip GoogleAccessId=service-934802752864%40gcf-admin-robot.iam.gserviceaccount.com&Expires=1744151006&Signature=j%2B3tPgqhsHvik2wsL%2FgPm602ndGkdiBJGykyWLXU6xlhlgLrmNtv1uw4KHJMQ6bMYy%2Ft6UJZy%2BUkZGCVOjcWo2Gc%2BdXBcaC%2FMO8mADylK%2B3jNEZP32%2FC5NVqHPrgeJhrqYX0KKPD1tejgON6LKAupArxpIdwu2pGejyg%2F8x8cRxA8IH2FKBR3Mvy%2BySY3OMjnUUl0835Vq2BVYdx0XdCFsnkgZ2%2BBWdbaFVmJx4Z7tsFCBZSEtBdx3l6T9z8aTEawXp9IAUCwvO3dTt5Xf3jKnlXVe2nmf9djjoOJbhWP8y4W3FfVkaqHXfpwHEXia8aN4uj1y3rvJt1T1%2B7li5i0A%3D%3D
[debug] [2025-04-08T21:53:26.919Z] >>> [apiv2][body] PUT https://storage.googleapis.com/gcf-v2-uploads-934802752864.us-central1.cloudfunctions.appspot.com/26baf126-9767-4aa6-b223-6cc605e22340.zip [stream]
[debug] [2025-04-08T21:53:27.542Z] <<< [apiv2][status] PUT https://storage.googleapis.com/gcf-v2-uploads-934802752864.us-central1.cloudfunctions.appspot.com/26baf126-9767-4aa6-b223-6cc605e22340.zip 200
[debug] [2025-04-08T21:53:27.543Z] <<< [apiv2][body] PUT https://storage.googleapis.com/gcf-v2-uploads-934802752864.us-central1.cloudfunctions.appspot.com/26baf126-9767-4aa6-b223-6cc605e22340.zip [omitted]
[info] +  functions: functions folder uploaded successfully 
[info] i  functions: updating Node.js 22 (2nd Gen) function chatWithGemini(us-central1)... 
[debug] [2025-04-08T21:53:27.550Z] Checked if tokens are valid: true, expires at: 1744152655116
[debug] [2025-04-08T21:53:27.550Z] Checked if tokens are valid: true, expires at: 1744152655116
[debug] [2025-04-08T21:53:27.550Z] >>> [apiv2][query] PATCH https://cloudfunctions.googleapis.com/v2/projects/waiting-list-by-mo/locations/us-central1/functions/chatWithGemini updateMask=name%2CbuildConfig.runtime%2CbuildConfig.entryPoint%2CbuildConfig.source.storageSource.bucket%2CbuildConfig.source.storageSource.object%2CbuildConfig.environmentVariables%2CbuildConfig.sourceToken%2CserviceConfig.environmentVariables%2CserviceConfig.ingressSettings%2CserviceConfig.timeoutSeconds%2CserviceConfig.serviceAccountEmail%2CserviceConfig.availableMemory%2CserviceConfig.minInstanceCount%2CserviceConfig.maxInstanceCount%2CserviceConfig.maxInstanceRequestConcurrency%2CserviceConfig.availableCpu%2CserviceConfig.vpcConnector%2CserviceConfig.vpcConnectorEgressSettings%2Clabels%2CbuildConfig.buildEnvironmentVariables
[debug] [2025-04-08T21:53:27.550Z] >>> [apiv2][body] PATCH https://cloudfunctions.googleapis.com/v2/projects/waiting-list-by-mo/locations/us-central1/functions/chatWithGemini {"name":"projects/waiting-list-by-mo/locations/us-central1/functions/chatWithGemini","buildConfig":{"runtime":"nodejs22","entryPoint":"chatWithGemini","source":{"storageSource":{"bucket":"gcf-v2-uploads-934802752864.us-central1.cloudfunctions.appspot.com","object":"26baf126-9767-4aa6-b223-6cc605e22340.zip"}},"environmentVariables":{"GOOGLE_NODE_RUN_SCRIPTS":""}},"serviceConfig":{"environmentVariables":{"FIREBASE_CONFIG":"{\"projectId\":\"waiting-list-by-mo\",\"storageBucket\":\"waiting-list-by-mo.firebasestorage.app\"}","GCLOUD_PROJECT":"waiting-list-by-mo","EVENTARC_CLOUD_EVENT_SOURCE":"projects/waiting-list-by-mo/locations/us-central1/services/chatWithGemini","FUNCTION_TARGET":"chatWithGemini","LOG_EXECUTION_ID":"true"},"ingressSettings":null,"timeoutSeconds":null,"serviceAccountEmail":null,"availableMemory":"256Mi","minInstanceCount":null,"maxInstanceCount":null,"maxInstanceRequestConcurrency":80,"availableCpu":"1","vpcConnector":null,"vpcConnectorEgressSettings":null},"labels":{"deployment-tool":"cli-firebase","firebase-functions-hash":"c76c76f4974fe7637ce3863d902da21373163101"}}
[debug] [2025-04-08T21:53:29.267Z] <<< [apiv2][status] PATCH https://cloudfunctions.googleapis.com/v2/projects/waiting-list-by-mo/locations/us-central1/functions/chatWithGemini 200
[debug] [2025-04-08T21:53:29.267Z] <<< [apiv2][body] PATCH https://cloudfunctions.googleapis.com/v2/projects/waiting-list-by-mo/locations/us-central1/functions/chatWithGemini {"name":"projects/waiting-list-by-mo/locations/us-central1/operations/operation-1744149208273-6324b61fe9392-24424952-1f2ea2a8","metadata":{"@type":"type.googleapis.com/google.cloud.functions.v2.OperationMetadata","createTime":"2025-04-08T21:53:29.210929118Z","target":"projects/waiting-list-by-mo/locations/us-central1/functions/chatWithGemini","verb":"update","cancelRequested":false,"apiVersion":"v2"},"done":false}
[debug] [2025-04-08T21:53:29.268Z] Checked if tokens are valid: true, expires at: 1744152655116
[debug] [2025-04-08T21:53:29.268Z] Checked if tokens are valid: true, expires at: 1744152655116
[debug] [2025-04-08T21:53:29.268Z] >>> [apiv2][query] GET https://cloudfunctions.googleapis.com/v2/projects/waiting-list-by-mo/locations/us-central1/operations/operation-1744149208273-6324b61fe9392-24424952-1f2ea2a8 [none]
[debug] [2025-04-08T21:53:30.023Z] <<< [apiv2][status] GET https://cloudfunctions.googleapis.com/v2/projects/waiting-list-by-mo/locations/us-central1/operations/operation-1744149208273-6324b61fe9392-24424952-1f2ea2a8 200
[debug] [2025-04-08T21:53:30.023Z] <<< [apiv2][body] GET https://cloudfunctions.googleapis.com/v2/projects/waiting-list-by-mo/locations/us-central1/operations/operation-1744149208273-6324b61fe9392-24424952-1f2ea2a8 {"name":"projects/waiting-list-by-mo/locations/us-central1/operations/operation-1744149208273-6324b61fe9392-24424952-1f2ea2a8","metadata":{"@type":"type.googleapis.com/google.cloud.functions.v2.OperationMetadata","createTime":"2025-04-08T21:53:29.210929118Z","target":"projects/waiting-list-by-mo/locations/us-central1/functions/chatWithGemini","verb":"update","cancelRequested":false,"apiVersion":"v2","requestResource":{"@type":"type.googleapis.com/google.cloud.functions.v2.Function","name":"projects/waiting-list-by-mo/locations/us-central1/functions/chatWithGemini","buildConfig":{"runtime":"nodejs22","entryPoint":"chatWithGemini","source":{"storageSource":{"bucket":"gcf-v2-sources-934802752864-us-central1","object":"chatWithGemini/function-source.zip","generation":"1744149209164605"}},"environmentVariables":{"GOOGLE_NODE_RUN_SCRIPTS":""},"dockerRepository":"projects/waiting-list-by-mo/locations/us-central1/repositories/gcf-artifacts","sourceProvenance":{"resolvedStorageSource":{"bucket":"gcf-v2-sources-934802752864-us-central1","object":"chatWithGemini/function-source.zip","generation":"1744149074348463"}},"dockerRegistry":"ARTIFACT_REGISTRY","serviceAccount":"projects/waiting-list-by-mo/serviceAccounts/934802752864-compute@developer.gserviceaccount.com","automaticUpdatePolicy":{}},"serviceConfig":{"service":"projects/waiting-list-by-mo/locations/us-central1/services/chatwithgemini","timeoutSeconds":60,"environmentVariables":{"FIREBASE_CONFIG":"{\"projectId\":\"waiting-list-by-mo\",\"storageBucket\":\"waiting-list-by-mo.firebasestorage.app\"}","GCLOUD_PROJECT":"waiting-list-by-mo","EVENTARC_CLOUD_EVENT_SOURCE":"projects/waiting-list-by-mo/locations/us-central1/services/chatWithGemini","FUNCTION_TARGET":"chatWithGemini","LOG_EXECUTION_ID":"true"},"ingressSettings":"ALLOW_ALL","uri":"https://chatwithgemini-rkjnx5arcq-uc.a.run.app","serviceAccountEmail":"934802752864-compute@developer.gserviceaccount.com","availableMemory":"256Mi","allTrafficOnLatestRevision":true,"revision":"chatwithgemini-00006-hiw","maxInstanceRequestConcurrency":80,"availableCpu":"1"},"state":"ACTIVE","labels":{"deployment-tool":"cli-firebase","firebase-functions-hash":"c76c76f4974fe7637ce3863d902da21373163101"},"environment":"GEN_2","url":"https://us-central1-waiting-list-by-mo.cloudfunctions.net/chatWithGemini","satisfiesPzi":true},"stages":[{"name":"BUILD","message":"Creating build","state":"IN_PROGRESS","resource":"projects/934802752864/locations/us-central1/builds/8fa7a22f-32bf-4c9b-8163-60c9664f2033","resourceUri":"https://console.cloud.google.com/cloud-build/builds;region=us-central1/8fa7a22f-32bf-4c9b-8163-60c9664f2033?project=934802752864"},{"name":"SERVICE","state":"NOT_STARTED"}],"operationType":"UPDATE_FUNCTION","buildName":"projects/934802752864/locations/us-central1/builds/8fa7a22f-32bf-4c9b-8163-60c9664f2033"},"done":false}
[debug] [2025-04-08T21:53:30.524Z] [update-default-us-central1-chatWithGemini] Retrying task index 0
[debug] [2025-04-08T21:53:30.524Z] Checked if tokens are valid: true, expires at: 1744152655116
[debug] [2025-04-08T21:53:30.525Z] Checked if tokens are valid: true, expires at: 1744152655116
[debug] [2025-04-08T21:53:30.525Z] >>> [apiv2][query] GET https://cloudfunctions.googleapis.com/v2/projects/waiting-list-by-mo/locations/us-central1/operations/operation-1744149208273-6324b61fe9392-24424952-1f2ea2a8 [none]
[debug] [2025-04-08T21:53:31.257Z] <<< [apiv2][status] GET https://cloudfunctions.googleapis.com/v2/projects/waiting-list-by-mo/locations/us-central1/operations/operation-1744149208273-6324b61fe9392-24424952-1f2ea2a8 200
[debug] [2025-04-08T21:53:31.258Z] <<< [apiv2][body] GET https://cloudfunctions.googleapis.com/v2/projects/waiting-list-by-mo/locations/us-central1/operations/operation-1744149208273-6324b61fe9392-24424952-1f2ea2a8 {"name":"projects/waiting-list-by-mo/locations/us-central1/operations/operation-1744149208273-6324b61fe9392-24424952-1f2ea2a8","metadata":{"@type":"type.googleapis.com/google.cloud.functions.v2.OperationMetadata","createTime":"2025-04-08T21:53:29.210929118Z","target":"projects/waiting-list-by-mo/locations/us-central1/functions/chatWithGemini","verb":"update","cancelRequested":false,"apiVersion":"v2","requestResource":{"@type":"type.googleapis.com/google.cloud.functions.v2.Function","name":"projects/waiting-list-by-mo/locations/us-central1/functions/chatWithGemini","buildConfig":{"runtime":"nodejs22","entryPoint":"chatWithGemini","source":{"storageSource":{"bucket":"gcf-v2-sources-934802752864-us-central1","object":"chatWithGemini/function-source.zip","generation":"1744149209164605"}},"environmentVariables":{"GOOGLE_NODE_RUN_SCRIPTS":""},"dockerRepository":"projects/waiting-list-by-mo/locations/us-central1/repositories/gcf-artifacts","sourceProvenance":{"resolvedStorageSource":{"bucket":"gcf-v2-sources-934802752864-us-central1","object":"chatWithGemini/function-source.zip","generation":"1744149074348463"}},"dockerRegistry":"ARTIFACT_REGISTRY","serviceAccount":"projects/waiting-list-by-mo/serviceAccounts/934802752864-compute@developer.gserviceaccount.com","automaticUpdatePolicy":{}},"serviceConfig":{"service":"projects/waiting-list-by-mo/locations/us-central1/services/chatwithgemini","timeoutSeconds":60,"environmentVariables":{"FIREBASE_CONFIG":"{\"projectId\":\"waiting-list-by-mo\",\"storageBucket\":\"waiting-list-by-mo.firebasestorage.app\"}","GCLOUD_PROJECT":"waiting-list-by-mo","EVENTARC_CLOUD_EVENT_SOURCE":"projects/waiting-list-by-mo/locations/us-central1/services/chatWithGemini","FUNCTION_TARGET":"chatWithGemini","LOG_EXECUTION_ID":"true"},"ingressSettings":"ALLOW_ALL","uri":"https://chatwithgemini-rkjnx5arcq-uc.a.run.app","serviceAccountEmail":"934802752864-compute@developer.gserviceaccount.com","availableMemory":"256Mi","allTrafficOnLatestRevision":true,"revision":"chatwithgemini-00006-hiw","maxInstanceRequestConcurrency":80,"availableCpu":"1"},"state":"ACTIVE","labels":{"deployment-tool":"cli-firebase","firebase-functions-hash":"c76c76f4974fe7637ce3863d902da21373163101"},"environment":"GEN_2","url":"https://us-central1-waiting-list-by-mo.cloudfunctions.net/chatWithGemini","satisfiesPzi":true},"stages":[{"name":"BUILD","message":"Build in progress","state":"IN_PROGRESS","resource":"projects/934802752864/locations/us-central1/builds/8fa7a22f-32bf-4c9b-8163-60c9664f2033","resourceUri":"https://console.cloud.google.com/cloud-build/builds;region=us-central1/8fa7a22f-32bf-4c9b-8163-60c9664f2033?project=934802752864"},{"name":"SERVICE","state":"NOT_STARTED"}],"operationType":"UPDATE_FUNCTION","buildName":"projects/934802752864/locations/us-central1/builds/8fa7a22f-32bf-4c9b-8163-60c9664f2033"},"done":false}
[debug] [2025-04-08T21:53:32.260Z] [update-default-us-central1-chatWithGemini] Retrying task index 0
[debug] [2025-04-08T21:53:32.260Z] Checked if tokens are valid: true, expires at: 1744152655116
[debug] [2025-04-08T21:53:32.260Z] Checked if tokens are valid: true, expires at: 1744152655116
[debug] [2025-04-08T21:53:32.260Z] >>> [apiv2][query] GET https://cloudfunctions.googleapis.com/v2/projects/waiting-list-by-mo/locations/us-central1/operations/operation-1744149208273-6324b61fe9392-24424952-1f2ea2a8 [none]
[debug] [2025-04-08T21:53:32.990Z] <<< [apiv2][status] GET https://cloudfunctions.googleapis.com/v2/projects/waiting-list-by-mo/locations/us-central1/operations/operation-1744149208273-6324b61fe9392-24424952-1f2ea2a8 200
[debug] [2025-04-08T21:53:32.991Z] <<< [apiv2][body] GET https://cloudfunctions.googleapis.com/v2/projects/waiting-list-by-mo/locations/us-central1/operations/operation-1744149208273-6324b61fe9392-24424952-1f2ea2a8 {"name":"projects/waiting-list-by-mo/locations/us-central1/operations/operation-1744149208273-6324b61fe9392-24424952-1f2ea2a8","metadata":{"@type":"type.googleapis.com/google.cloud.functions.v2.OperationMetadata","createTime":"2025-04-08T21:53:29.210929118Z","target":"projects/waiting-list-by-mo/locations/us-central1/functions/chatWithGemini","verb":"update","cancelRequested":false,"apiVersion":"v2","requestResource":{"@type":"type.googleapis.com/google.cloud.functions.v2.Function","name":"projects/waiting-list-by-mo/locations/us-central1/functions/chatWithGemini","buildConfig":{"runtime":"nodejs22","entryPoint":"chatWithGemini","source":{"storageSource":{"bucket":"gcf-v2-sources-934802752864-us-central1","object":"chatWithGemini/function-source.zip","generation":"1744149209164605"}},"environmentVariables":{"GOOGLE_NODE_RUN_SCRIPTS":""},"dockerRepository":"projects/waiting-list-by-mo/locations/us-central1/repositories/gcf-artifacts","sourceProvenance":{"resolvedStorageSource":{"bucket":"gcf-v2-sources-934802752864-us-central1","object":"chatWithGemini/function-source.zip","generation":"1744149074348463"}},"dockerRegistry":"ARTIFACT_REGISTRY","serviceAccount":"projects/waiting-list-by-mo/serviceAccounts/934802752864-compute@developer.gserviceaccount.com","automaticUpdatePolicy":{}},"serviceConfig":{"service":"projects/waiting-list-by-mo/locations/us-central1/services/chatwithgemini","timeoutSeconds":60,"environmentVariables":{"FIREBASE_CONFIG":"{\"projectId\":\"waiting-list-by-mo\",\"storageBucket\":\"waiting-list-by-mo.firebasestorage.app\"}","GCLOUD_PROJECT":"waiting-list-by-mo","EVENTARC_CLOUD_EVENT_SOURCE":"projects/waiting-list-by-mo/locations/us-central1/services/chatWithGemini","FUNCTION_TARGET":"chatWithGemini","LOG_EXECUTION_ID":"true"},"ingressSettings":"ALLOW_ALL","uri":"https://chatwithgemini-rkjnx5arcq-uc.a.run.app","serviceAccountEmail":"934802752864-compute@developer.gserviceaccount.com","availableMemory":"256Mi","allTrafficOnLatestRevision":true,"revision":"chatwithgemini-00006-hiw","maxInstanceRequestConcurrency":80,"availableCpu":"1"},"state":"ACTIVE","labels":{"deployment-tool":"cli-firebase","firebase-functions-hash":"c76c76f4974fe7637ce3863d902da21373163101"},"environment":"GEN_2","url":"https://us-central1-waiting-list-by-mo.cloudfunctions.net/chatWithGemini","satisfiesPzi":true},"stages":[{"name":"BUILD","message":"Build in progress","state":"IN_PROGRESS","resource":"projects/934802752864/locations/us-central1/builds/8fa7a22f-32bf-4c9b-8163-60c9664f2033","resourceUri":"https://console.cloud.google.com/cloud-build/builds;region=us-central1/8fa7a22f-32bf-4c9b-8163-60c9664f2033?project=934802752864"},{"name":"SERVICE","state":"NOT_STARTED"}],"operationType":"UPDATE_FUNCTION","buildName":"projects/934802752864/locations/us-central1/builds/8fa7a22f-32bf-4c9b-8163-60c9664f2033"},"done":false}
[debug] [2025-04-08T21:53:35.001Z] [update-default-us-central1-chatWithGemini] Retrying task index 0
[debug] [2025-04-08T21:53:35.002Z] Checked if tokens are valid: true, expires at: 1744152655116
[debug] [2025-04-08T21:53:35.002Z] Checked if tokens are valid: true, expires at: 1744152655116
[debug] [2025-04-08T21:53:35.002Z] >>> [apiv2][query] GET https://cloudfunctions.googleapis.com/v2/projects/waiting-list-by-mo/locations/us-central1/operations/operation-1744149208273-6324b61fe9392-24424952-1f2ea2a8 [none]
[debug] [2025-04-08T21:53:35.747Z] <<< [apiv2][status] GET https://cloudfunctions.googleapis.com/v2/projects/waiting-list-by-mo/locations/us-central1/operations/operation-1744149208273-6324b61fe9392-24424952-1f2ea2a8 200
[debug] [2025-04-08T21:53:35.748Z] <<< [apiv2][body] GET https://cloudfunctions.googleapis.com/v2/projects/waiting-list-by-mo/locations/us-central1/operations/operation-1744149208273-6324b61fe9392-24424952-1f2ea2a8 {"name":"projects/waiting-list-by-mo/locations/us-central1/operations/operation-1744149208273-6324b61fe9392-24424952-1f2ea2a8","metadata":{"@type":"type.googleapis.com/google.cloud.functions.v2.OperationMetadata","createTime":"2025-04-08T21:53:29.210929118Z","target":"projects/waiting-list-by-mo/locations/us-central1/functions/chatWithGemini","verb":"update","cancelRequested":false,"apiVersion":"v2","requestResource":{"@type":"type.googleapis.com/google.cloud.functions.v2.Function","name":"projects/waiting-list-by-mo/locations/us-central1/functions/chatWithGemini","buildConfig":{"runtime":"nodejs22","entryPoint":"chatWithGemini","source":{"storageSource":{"bucket":"gcf-v2-sources-934802752864-us-central1","object":"chatWithGemini/function-source.zip","generation":"1744149209164605"}},"environmentVariables":{"GOOGLE_NODE_RUN_SCRIPTS":""},"dockerRepository":"projects/waiting-list-by-mo/locations/us-central1/repositories/gcf-artifacts","sourceProvenance":{"resolvedStorageSource":{"bucket":"gcf-v2-sources-934802752864-us-central1","object":"chatWithGemini/function-source.zip","generation":"1744149074348463"}},"dockerRegistry":"ARTIFACT_REGISTRY","serviceAccount":"projects/waiting-list-by-mo/serviceAccounts/934802752864-compute@developer.gserviceaccount.com","automaticUpdatePolicy":{}},"serviceConfig":{"service":"projects/waiting-list-by-mo/locations/us-central1/services/chatwithgemini","timeoutSeconds":60,"environmentVariables":{"FIREBASE_CONFIG":"{\"projectId\":\"waiting-list-by-mo\",\"storageBucket\":\"waiting-list-by-mo.firebasestorage.app\"}","GCLOUD_PROJECT":"waiting-list-by-mo","EVENTARC_CLOUD_EVENT_SOURCE":"projects/waiting-list-by-mo/locations/us-central1/services/chatWithGemini","FUNCTION_TARGET":"chatWithGemini","LOG_EXECUTION_ID":"true"},"ingressSettings":"ALLOW_ALL","uri":"https://chatwithgemini-rkjnx5arcq-uc.a.run.app","serviceAccountEmail":"934802752864-compute@developer.gserviceaccount.com","availableMemory":"256Mi","allTrafficOnLatestRevision":true,"revision":"chatwithgemini-00006-hiw","maxInstanceRequestConcurrency":80,"availableCpu":"1"},"state":"ACTIVE","labels":{"deployment-tool":"cli-firebase","firebase-functions-hash":"c76c76f4974fe7637ce3863d902da21373163101"},"environment":"GEN_2","url":"https://us-central1-waiting-list-by-mo.cloudfunctions.net/chatWithGemini","satisfiesPzi":true},"stages":[{"name":"BUILD","message":"Build in progress","state":"IN_PROGRESS","resource":"projects/934802752864/locations/us-central1/builds/8fa7a22f-32bf-4c9b-8163-60c9664f2033","resourceUri":"https://console.cloud.google.com/cloud-build/builds;region=us-central1/8fa7a22f-32bf-4c9b-8163-60c9664f2033?project=934802752864"},{"name":"SERVICE","state":"NOT_STARTED"}],"operationType":"UPDATE_FUNCTION","buildName":"projects/934802752864/locations/us-central1/builds/8fa7a22f-32bf-4c9b-8163-60c9664f2033"},"done":false}
[debug] [2025-04-08T21:53:39.752Z] [update-default-us-central1-chatWithGemini] Retrying task index 0
[debug] [2025-04-08T21:53:39.752Z] Checked if tokens are valid: true, expires at: 1744152655116
[debug] [2025-04-08T21:53:39.753Z] Checked if tokens are valid: true, expires at: 1744152655116
[debug] [2025-04-08T21:53:39.753Z] >>> [apiv2][query] GET https://cloudfunctions.googleapis.com/v2/projects/waiting-list-by-mo/locations/us-central1/operations/operation-1744149208273-6324b61fe9392-24424952-1f2ea2a8 [none]
